\BOOKMARK [1][-]{section.1}{\376\377\000L\000e\000c\000t\000u\000r\000e\000\040\0001\000:\000\040\000S\000e\000p\000t\000e\000m\000b\000e\000r\000\040\0001}{}% 1
\BOOKMARK [2][-]{subsection.1.1}{\376\377\000I\000n\000t\000r\000o\000d\000u\000c\000t\000i\000o\000n}{section.1}% 2
\BOOKMARK [2][-]{subsection.1.2}{\376\377\000W\000h\000y\000\040\0003\000D\000\040\000C\000a\000l\000c}{section.1}% 3
\BOOKMARK [2][-]{subsection.1.3}{\376\377\000V\000e\000c\000t\000o\000r\000\040\000V\000a\000r\000i\000a\000b\000l\000e\000s\000\040\000a\000n\000d\000\040\000C\000a\000r\000t\000e\000s\000i\000a\000n\000\040\000C\000o\000o\000r\000d\000i\000n\000a\000t\000e\000s}{section.1}% 4
\BOOKMARK [2][-]{subsection.1.4}{\376\377\000P\000a\000r\000a\000m\000e\000t\000r\000i\000z\000a\000t\000i\000o\000n}{section.1}% 5
\BOOKMARK [2][-]{subsection.1.5}{\376\377\000V\000e\000c\000t\000o\000r\000\040\000S\000p\000a\000c\000e\000\040\000R\000n}{section.1}% 6
\BOOKMARK [1][-]{section.2}{\376\377\000R\000e\000c\000i\000t\000a\000t\000i\000o\000n\000\040\0001\000:\000\040\000S\000e\000p\000t\000e\000m\000b\000e\000r\000\040\0002}{}% 7
\BOOKMARK [1][-]{section.3}{\376\377\000L\000e\000c\000t\000u\000r\000e\000\040\0002\000:\000\040\000S\000e\000p\000t\000e\000m\000b\000e\000r\000\040\0008}{}% 8
\BOOKMARK [1][-]{section.4}{\376\377\000R\000e\000c\000i\000t\000a\000t\000i\000o\000n\000\040\0002\000:\000\040\000S\000e\000p\000t\000e\000m\000b\000e\000r\000\040\0009}{}% 9
\BOOKMARK [1][-]{section.5}{\376\377\000L\000e\000c\000t\000u\000r\000e\000\040\0003\000:\000\040\000S\000e\000p\000t\000e\000m\000b\000e\000r\000\040\0001\0003}{}% 10
\BOOKMARK [1][-]{section.6}{\376\377\000L\000e\000c\000t\000u\000r\000e\000\040\0004\000:\000\040\000S\000e\000p\000t\000e\000m\000b\000e\000r\000\040\0001\0005}{}% 11
\BOOKMARK [1][-]{section.7}{\376\377\000R\000e\000c\000i\000t\000a\000t\000i\000o\000n\000\040\0003\000:\000\040\000S\000e\000p\000t\000e\000m\000b\000e\000r\000\040\0001\0006}{}% 12
\BOOKMARK [1][-]{section.8}{\376\377\000L\000e\000c\000t\000u\000r\000e\000\040\0005\000:\000\040\000S\000e\000p\000t\000e\000m\000b\000e\000r\000\040\0002\0000}{}% 13
\BOOKMARK [1][-]{section.9}{\376\377\000L\000e\000c\000t\000u\000r\000e\000\040\0006\000:\000\040\000S\000e\000p\000t\000e\000m\000b\000e\000r\000\040\0002\0002}{}% 14
\BOOKMARK [1][-]{section.10}{\376\377\000R\000e\000c\000i\000t\000a\000t\000i\000o\000n\000\040\0004\000:\000\040\000S\000e\000p\000t\000e\000m\000b\000e\000r\000\040\0002\0003}{}% 15
\BOOKMARK [1][-]{section.11}{\376\377\000L\000e\000c\000t\000u\000r\000e\000\040\0007\000:\000\040\000S\000e\000p\000t\000e\000m\000b\000e\000r\000\040\0002\0007}{}% 16
\BOOKMARK [1][-]{section.12}{\376\377\000L\000e\000c\000t\000u\000r\000e\000\040\0008\000:\000\040\000S\000e\000p\000t\000e\000m\000b\000e\000r\000\040\0002\0009}{}% 17
\BOOKMARK [1][-]{section.13}{\376\377\000R\000e\000c\000i\000t\000a\000t\000i\000o\000n\000\040\0005\000:\000\040\000S\000e\000p\000t\000e\000m\000b\000e\000r\000\040\0003\0000}{}% 18
\BOOKMARK [1][-]{section.14}{\376\377\000L\000e\000c\000t\000u\000r\000e\000\040\0009\000:\000\040\000O\000c\000t\000o\000b\000e\000r\000\040\0004}{}% 19
\BOOKMARK [1][-]{section.15}{\376\377\000L\000e\000c\000t\000u\000r\000e\000\040\0001\0000\000:\000\040\000O\000c\000t\000o\000b\000e\000r\000\040\0006}{}% 20
\BOOKMARK [1][-]{section.16}{\376\377\000R\000e\000c\000i\000t\000a\000t\000i\000o\000n\000\040\0006\000:\000\040\000O\000c\000t\000o\000b\000e\000r\000\040\0007}{}% 21
\BOOKMARK [1][-]{section.17}{\376\377\000L\000e\000c\000t\000u\000r\000e\000\040\0001\0001\000:\000\040\000O\000c\000t\000o\000b\000e\000r\000\040\0001\0001}{}% 22
\BOOKMARK [1][-]{section.18}{\376\377\000L\000e\000c\000t\000u\000r\000e\000\040\0001\0002\000:\000\040\000O\000c\000t\000o\000b\000e\000r\000\040\0001\0003}{}% 23
\BOOKMARK [1][-]{section.19}{\376\377\000R\000e\000c\000i\000t\000a\000t\000i\000o\000n\000\040\0007\000:\000\040\000O\000c\000t\000o\000b\000e\000r\000\040\0001\0004}{}% 24
\BOOKMARK [1][-]{section.20}{\376\377\000L\000e\000c\000t\000u\000r\000e\000\040\0001\0003\000:\000\040\000O\000c\000t\000o\000b\000e\000r\000\040\0001\0008}{}% 25
\BOOKMARK [1][-]{section.21}{\376\377\000L\000e\000c\000t\000u\000r\000e\000\040\0001\0004\000:\000\040\000O\000c\000t\000o\000b\000e\000r\000\040\0002\0000}{}% 26
\BOOKMARK [1][-]{section.22}{\376\377\000R\000e\000c\000i\000t\000a\000t\000i\000o\000n\000\040\0008\000:\000\040\000O\000c\000t\000o\000b\000e\000r\000\040\0002\0001}{}% 27
\BOOKMARK [1][-]{section.23}{\376\377\000L\000e\000c\000t\000u\000r\000e\000\040\0001\0005\000:\000\040\000O\000c\000t\000o\000b\000e\000r\000\040\0002\0005}{}% 28
\BOOKMARK [1][-]{section.24}{\376\377\000L\000e\000c\000t\000u\000r\000e\000\040\0001\0006\000:\000\040\000O\000c\000t\000o\000b\000e\000r\000\040\0002\0007}{}% 29
\BOOKMARK [1][-]{section.25}{\376\377\000R\000e\000c\000i\000t\000a\000t\000i\000o\000n\000\040\0009\000:\000\040\000O\000c\000t\000o\000b\000e\000r\000\040\0002\0008}{}% 30
\BOOKMARK [1][-]{section.26}{\376\377\000L\000e\000c\000t\000u\000r\000e\000\040\0001\0007\000:\000\040\000N\000o\000v\000e\000m\000b\000e\000r\000\040\0001}{}% 31
\BOOKMARK [1][-]{section.27}{\376\377\000L\000e\000c\000t\000u\000r\000e\000\040\0001\0008\000:\000\040\000N\000o\000v\000e\000m\000b\000e\000r\000\040\0003}{}% 32
\BOOKMARK [1][-]{section.28}{\376\377\000R\000e\000c\000i\000t\000a\000t\000i\000o\000n\000\040\0001\0000\000:\000\040\000N\000o\000v\000e\000m\000b\000e\000r\000\040\0004}{}% 33
\BOOKMARK [1][-]{section.29}{\376\377\000L\000e\000c\000t\000u\000r\000e\000\040\0001\0009\000:\000\040\000N\000o\000v\000e\000m\000b\000e\000r\000\040\0008}{}% 34
\BOOKMARK [1][-]{section.30}{\376\377\000L\000e\000c\000t\000u\000r\000e\000\040\0002\0000\000:\000\040\000N\000o\000v\000e\000m\000b\000e\000r\000\040\0001\0000}{}% 35
\BOOKMARK [1][-]{section.31}{\376\377\000R\000e\000c\000i\000t\000a\000t\000i\000o\000n\000\040\0001\0001\000:\000\040\000N\000o\000v\000e\000m\000b\000e\000r\000\040\0001\0001}{}% 36
\BOOKMARK [1][-]{section.32}{\376\377\000L\000e\000c\000t\000u\000r\000e\000\040\0002\0001\000:\000\040\000N\000o\000v\000e\000m\000b\000e\000r\000\040\0001\0005}{}% 37
\BOOKMARK [1][-]{section.33}{\376\377\000L\000e\000c\000t\000u\000r\000e\000\040\0002\0002\000:\000\040\000N\000o\000v\000e\000m\000b\000e\000r\000\040\0001\0007}{}% 38
\BOOKMARK [1][-]{section.34}{\376\377\000R\000e\000c\000i\000t\000a\000t\000i\000o\000n\000\040\0001\0002\000:\000\040\000N\000o\000v\000e\000m\000b\000e\000r\000\040\0001\0008}{}% 39
\BOOKMARK [1][-]{section.35}{\376\377\000L\000e\000c\000t\000u\000r\000e\000\040\0002\0003\000:\000\040\000N\000o\000v\000e\000m\000b\000e\000r\000\040\0002\0002}{}% 40
\BOOKMARK [1][-]{section.36}{\376\377\000L\000e\000c\000t\000u\000r\000e\000\040\0002\0004\000:\000\040\000N\000o\000v\000e\000m\000b\000e\000r\000\040\0002\0009}{}% 41
\BOOKMARK [1][-]{section.37}{\376\377\000L\000e\000c\000t\000u\000r\000e\000\040\0002\0005\000:\000\040\000D\000e\000c\000e\000m\000b\000e\000r\000\040\0001}{}% 42
\BOOKMARK [1][-]{section.38}{\376\377\000R\000e\000c\000i\000t\000a\000t\000i\000o\000n\000\040\0001\0003\000:\000\040\000D\000e\000c\000e\000m\000b\000e\000r\000\040\0002}{}% 43
\BOOKMARK [1][-]{section.39}{\376\377\000L\000e\000c\000t\000u\000r\000e\000\040\0002\0006\000:\000\040\000D\000e\000c\000e\000m\000b\000e\000r\000\040\0006}{}% 44
\BOOKMARK [1][-]{section.40}{\376\377\000L\000e\000c\000t\000u\000r\000e\000\040\0002\0007\000:\000\040\000D\000e\000c\000e\000m\000b\000e\000r\000\040\0008}{}% 45
\BOOKMARK [1][-]{section.41}{\376\377\000R\000e\000c\000i\000t\000a\000t\000i\000o\000n\000\040\0001\0004\000:\000\040\000D\000e\000c\000e\000m\000b\000e\000r\000\040\0009}{}% 46
\BOOKMARK [1][-]{section.42}{\376\377\000L\000e\000c\000t\000u\000r\000e\000\040\0002\0008\000:\000\040\000D\000e\000c\000e\000m\000b\000e\000r\000\040\0001\0003}{}% 47
